2021-03-12 00:45:08.845 [restartedMain] DEBUG org.mybatis.spring.mapper.ClassPathMapperScanner - Identified candidate component class: file [D:\IntelliJ IDEA 2018.2.2\Projects\SignupOnline\target\classes\com\example\signuponline\mapper\CommonMapper.class]
2021-03-12 00:45:08.854 [restartedMain] DEBUG org.mybatis.spring.mapper.ClassPathMapperScanner - Identified candidate component class: file [D:\IntelliJ IDEA 2018.2.2\Projects\SignupOnline\target\classes\com\example\signuponline\mapper\PublishMapper.class]
2021-03-12 00:45:08.854 [restartedMain] DEBUG org.mybatis.spring.mapper.ClassPathMapperScanner - Identified candidate component class: file [D:\IntelliJ IDEA 2018.2.2\Projects\SignupOnline\target\classes\com\example\signuponline\mapper\WeChatMapper.class]
2021-03-12 00:45:08.858 [restartedMain] DEBUG org.mybatis.spring.mapper.ClassPathMapperScanner - Creating MapperFactoryBean with name 'commonMapper' and 'com.example.signuponline.mapper.CommonMapper' mapperInterface
2021-03-12 00:45:08.859 [restartedMain] DEBUG org.mybatis.spring.mapper.ClassPathMapperScanner - Enabling autowire by type for MapperFactoryBean with name 'commonMapper'.
2021-03-12 00:45:08.859 [restartedMain] DEBUG org.mybatis.spring.mapper.ClassPathMapperScanner - Creating MapperFactoryBean with name 'publishMapper' and 'com.example.signuponline.mapper.PublishMapper' mapperInterface
2021-03-12 00:45:08.859 [restartedMain] DEBUG org.mybatis.spring.mapper.ClassPathMapperScanner - Enabling autowire by type for MapperFactoryBean with name 'publishMapper'.
2021-03-12 00:45:08.859 [restartedMain] DEBUG org.mybatis.spring.mapper.ClassPathMapperScanner - Creating MapperFactoryBean with name 'weChatMapper' and 'com.example.signuponline.mapper.WeChatMapper' mapperInterface
2021-03-12 00:45:08.859 [restartedMain] DEBUG org.mybatis.spring.mapper.ClassPathMapperScanner - Enabling autowire by type for MapperFactoryBean with name 'weChatMapper'.
2021-03-12 00:45:12.486 [restartedMain] DEBUG org.mybatis.spring.SqlSessionFactoryBean - Parsed mapper file: 'file [D:\IntelliJ IDEA 2018.2.2\Projects\SignupOnline\target\classes\mapper\CommonMapper.xml]'
2021-03-12 00:45:12.502 [restartedMain] DEBUG org.mybatis.spring.SqlSessionFactoryBean - Parsed mapper file: 'file [D:\IntelliJ IDEA 2018.2.2\Projects\SignupOnline\target\classes\mapper\PublishMapper.xml]'
2021-03-12 00:45:12.518 [restartedMain] DEBUG org.mybatis.spring.SqlSessionFactoryBean - Parsed mapper file: 'file [D:\IntelliJ IDEA 2018.2.2\Projects\SignupOnline\target\classes\mapper\WeChatMapper.xml]'
2021-03-12 00:46:37.018 [https-jsse-nio-443-exec-7] DEBUG org.mybatis.spring.SqlSessionUtils - Creating a new SqlSession
2021-03-12 00:46:37.023 [https-jsse-nio-443-exec-7] DEBUG org.mybatis.spring.SqlSessionUtils - SqlSession [org.apache.ibatis.session.defaults.DefaultSqlSession@20170931] was not registered for synchronization because synchronization is not active
2021-03-12 00:46:37.030 [https-jsse-nio-443-exec-7] DEBUG o.m.spring.transaction.SpringManagedTransaction - JDBC Connection [HikariProxyConnection@1135618438 wrapping com.mysql.cj.jdbc.ConnectionImpl@6d5fcf80] will not be managed by Spring
2021-03-12 00:46:37.052 [https-jsse-nio-443-exec-7] DEBUG org.mybatis.spring.SqlSessionUtils - Closing non transactional SqlSession [org.apache.ibatis.session.defaults.DefaultSqlSession@20170931]
2021-03-12 00:59:14.102 [https-jsse-nio-443-exec-4] DEBUG org.mybatis.spring.SqlSessionUtils - Creating a new SqlSession
2021-03-12 00:59:14.103 [https-jsse-nio-443-exec-4] DEBUG org.mybatis.spring.SqlSessionUtils - SqlSession [org.apache.ibatis.session.defaults.DefaultSqlSession@59878d9b] was not registered for synchronization because synchronization is not active
2021-03-12 00:59:14.104 [https-jsse-nio-443-exec-4] DEBUG o.m.spring.transaction.SpringManagedTransaction - JDBC Connection [HikariProxyConnection@1463838939 wrapping com.mysql.cj.jdbc.ConnectionImpl@6d5fcf80] will not be managed by Spring
2021-03-12 00:59:14.110 [https-jsse-nio-443-exec-4] DEBUG org.mybatis.spring.SqlSessionUtils - Closing non transactional SqlSession [org.apache.ibatis.session.defaults.DefaultSqlSession@59878d9b]
2021-03-12 00:59:26.060 [https-jsse-nio-443-exec-9] DEBUG org.mybatis.spring.SqlSessionUtils - Creating a new SqlSession
2021-03-12 00:59:26.061 [https-jsse-nio-443-exec-9] DEBUG org.mybatis.spring.SqlSessionUtils - SqlSession [org.apache.ibatis.session.defaults.DefaultSqlSession@15a722e4] was not registered for synchronization because synchronization is not active
2021-03-12 00:59:26.061 [https-jsse-nio-443-exec-9] DEBUG o.m.spring.transaction.SpringManagedTransaction - JDBC Connection [HikariProxyConnection@295220360 wrapping com.mysql.cj.jdbc.ConnectionImpl@6d5fcf80] will not be managed by Spring
2021-03-12 00:59:26.064 [https-jsse-nio-443-exec-9] DEBUG org.mybatis.spring.SqlSessionUtils - Closing non transactional SqlSession [org.apache.ibatis.session.defaults.DefaultSqlSession@15a722e4]
2021-03-12 00:59:38.127 [https-jsse-nio-443-exec-10] DEBUG org.mybatis.spring.SqlSessionUtils - Creating a new SqlSession
2021-03-12 00:59:38.127 [https-jsse-nio-443-exec-10] DEBUG org.mybatis.spring.SqlSessionUtils - SqlSession [org.apache.ibatis.session.defaults.DefaultSqlSession@5192cc16] was not registered for synchronization because synchronization is not active
2021-03-12 00:59:38.128 [https-jsse-nio-443-exec-10] DEBUG o.m.spring.transaction.SpringManagedTransaction - JDBC Connection [HikariProxyConnection@1599420500 wrapping com.mysql.cj.jdbc.ConnectionImpl@6d5fcf80] will not be managed by Spring
2021-03-12 00:59:38.130 [https-jsse-nio-443-exec-10] DEBUG org.mybatis.spring.SqlSessionUtils - Closing non transactional SqlSession [org.apache.ibatis.session.defaults.DefaultSqlSession@5192cc16]
2021-03-12 01:01:55.065 [https-jsse-nio-443-exec-6] DEBUG org.mybatis.spring.SqlSessionUtils - Creating a new SqlSession
2021-03-12 01:01:55.065 [https-jsse-nio-443-exec-6] DEBUG org.mybatis.spring.SqlSessionUtils - SqlSession [org.apache.ibatis.session.defaults.DefaultSqlSession@1323c92f] was not registered for synchronization because synchronization is not active
2021-03-12 01:01:55.066 [https-jsse-nio-443-exec-6] DEBUG o.m.spring.transaction.SpringManagedTransaction - JDBC Connection [HikariProxyConnection@501495099 wrapping com.mysql.cj.jdbc.ConnectionImpl@6d5fcf80] will not be managed by Spring
2021-03-12 01:01:55.073 [https-jsse-nio-443-exec-6] DEBUG org.mybatis.spring.SqlSessionUtils - Closing non transactional SqlSession [org.apache.ibatis.session.defaults.DefaultSqlSession@1323c92f]
2021-03-12 01:01:57.306 [https-jsse-nio-443-exec-8] DEBUG org.mybatis.spring.SqlSessionUtils - Creating a new SqlSession
2021-03-12 01:01:57.308 [https-jsse-nio-443-exec-8] DEBUG org.mybatis.spring.SqlSessionUtils - SqlSession [org.apache.ibatis.session.defaults.DefaultSqlSession@6fdd248a] was not registered for synchronization because synchronization is not active
2021-03-12 01:01:57.310 [https-jsse-nio-443-exec-8] DEBUG o.m.spring.transaction.SpringManagedTransaction - JDBC Connection [HikariProxyConnection@1629144833 wrapping com.mysql.cj.jdbc.ConnectionImpl@6d5fcf80] will not be managed by Spring
2021-03-12 01:01:57.314 [https-jsse-nio-443-exec-8] DEBUG org.mybatis.spring.SqlSessionUtils - Closing non transactional SqlSession [org.apache.ibatis.session.defaults.DefaultSqlSession@6fdd248a]
2021-03-12 01:06:34.714 [https-jsse-nio-443-exec-4] DEBUG org.mybatis.spring.SqlSessionUtils - Creating a new SqlSession
2021-03-12 01:06:34.714 [https-jsse-nio-443-exec-4] DEBUG org.mybatis.spring.SqlSessionUtils - SqlSession [org.apache.ibatis.session.defaults.DefaultSqlSession@540e906c] was not registered for synchronization because synchronization is not active
2021-03-12 01:06:34.715 [https-jsse-nio-443-exec-4] DEBUG o.m.spring.transaction.SpringManagedTransaction - JDBC Connection [HikariProxyConnection@941385221 wrapping com.mysql.cj.jdbc.ConnectionImpl@6d5fcf80] will not be managed by Spring
2021-03-12 01:06:34.717 [https-jsse-nio-443-exec-4] DEBUG org.mybatis.spring.SqlSessionUtils - Closing non transactional SqlSession [org.apache.ibatis.session.defaults.DefaultSqlSession@540e906c]
2021-03-12 01:07:21.642 [https-jsse-nio-443-exec-5] DEBUG org.mybatis.spring.SqlSessionUtils - Creating a new SqlSession
2021-03-12 01:07:21.642 [https-jsse-nio-443-exec-5] DEBUG org.mybatis.spring.SqlSessionUtils - SqlSession [org.apache.ibatis.session.defaults.DefaultSqlSession@118cc44c] was not registered for synchronization because synchronization is not active
2021-03-12 01:07:21.643 [https-jsse-nio-443-exec-5] DEBUG o.m.spring.transaction.SpringManagedTransaction - JDBC Connection [HikariProxyConnection@206011154 wrapping com.mysql.cj.jdbc.ConnectionImpl@6d5fcf80] will not be managed by Spring
2021-03-12 01:07:21.646 [https-jsse-nio-443-exec-5] DEBUG org.mybatis.spring.SqlSessionUtils - Closing non transactional SqlSession [org.apache.ibatis.session.defaults.DefaultSqlSession@118cc44c]
