2021-03-14 12:11:52.771 [HikariPool-1 housekeeper] WARN  com.zaxxer.hikari.pool.HikariPool - HikariPool-1 - Thread starvation or clock leap detected (housekeeper delta=12h7s22ms607µs600ns).
2021-03-14 12:29:12.196 [https-jsse-nio-443-exec-7] WARN  o.s.w.s.m.m.a.ExceptionHandlerExceptionResolver - Resolved [org.springframework.dao.DataIntegrityViolationException: 
### Error querying database.  Cause: java.sql.SQLIntegrityConstraintViolationException: Column 'openid' cannot be null
### The error may exist in file [D:\IntelliJ IDEA 2018.2.2\Projects\SignupOnline\target\classes\mapper\CommonMapper.xml]
### The error may involve com.example.signuponline.mapper.CommonMapper.addSearch-Inline
### The error occurred while setting parameters
### SQL: INSERT INTO `search` ( `openid`, `key`, `create_time` )         VALUES         (?,?,?);
### Cause: java.sql.SQLIntegrityConstraintViolationException: Column 'openid' cannot be null
; Column 'openid' cannot be null; nested exception is java.sql.SQLIntegrityConstraintViolationException: Column 'openid' cannot be null]
2021-03-14 13:35:05.804 [restartedMain] WARN  o.s.b.a.t.ThymeleafAutoConfiguration$DefaultTemplateResolverConfiguration - Cannot find template location: classpath:/templates/ (please add some templates or check your Thymeleaf configuration)
2021-03-14 13:35:38.413 [restartedMain] WARN  o.s.b.a.t.ThymeleafAutoConfiguration$DefaultTemplateResolverConfiguration - Cannot find template location: classpath:/templates/ (please add some templates or check your Thymeleaf configuration)
2021-03-14 13:36:21.497 [https-jsse-nio-443-exec-4] WARN  o.s.w.s.m.m.a.ExceptionHandlerExceptionResolver - Resolved [org.mybatis.spring.MyBatisSystemException: nested exception is org.apache.ibatis.exceptions.PersistenceException: 
### Error querying database.  Cause: java.lang.UnsupportedOperationException
### The error may exist in file [D:\IntelliJ IDEA 2018.2.2\Projects\SignupOnline\target\classes\mapper\CommonMapper.xml]
### The error may involve com.example.signuponline.mapper.CommonMapper.getHotSearch
### The error occurred while handling results
### SQL: SELECT  `key`  FROM `search` GROUP BY `key` ORDER BY count( 1 ) DESC LIMIT 4
### Cause: java.lang.UnsupportedOperationException]
2021-03-14 13:39:13.309 [restartedMain] WARN  o.s.b.a.t.ThymeleafAutoConfiguration$DefaultTemplateResolverConfiguration - Cannot find template location: classpath:/templates/ (please add some templates or check your Thymeleaf configuration)
2021-03-14 14:19:42.570 [restartedMain] WARN  o.s.b.a.t.ThymeleafAutoConfiguration$DefaultTemplateResolverConfiguration - Cannot find template location: classpath:/templates/ (please add some templates or check your Thymeleaf configuration)
2021-03-14 14:27:45.246 [https-jsse-nio-443-exec-4] WARN  o.s.w.s.m.m.a.ExceptionHandlerExceptionResolver - Resolved [org.springframework.web.HttpRequestMethodNotSupportedException: Request method 'GET' not supported]
2021-03-14 14:28:19.051 [restartedMain] WARN  o.s.b.a.t.ThymeleafAutoConfiguration$DefaultTemplateResolverConfiguration - Cannot find template location: classpath:/templates/ (please add some templates or check your Thymeleaf configuration)
2021-03-14 14:31:08.881 [restartedMain] WARN  o.s.b.a.t.ThymeleafAutoConfiguration$DefaultTemplateResolverConfiguration - Cannot find template location: classpath:/templates/ (please add some templates or check your Thymeleaf configuration)
2021-03-14 15:58:52.724 [restartedMain] WARN  o.s.b.a.t.ThymeleafAutoConfiguration$DefaultTemplateResolverConfiguration - Cannot find template location: classpath:/templates/ (please add some templates or check your Thymeleaf configuration)
2021-03-14 16:13:48.782 [restartedMain] WARN  o.s.b.a.t.ThymeleafAutoConfiguration$DefaultTemplateResolverConfiguration - Cannot find template location: classpath:/templates/ (please add some templates or check your Thymeleaf configuration)
2021-03-14 16:15:30.191 [restartedMain] WARN  o.s.b.a.t.ThymeleafAutoConfiguration$DefaultTemplateResolverConfiguration - Cannot find template location: classpath:/templates/ (please add some templates or check your Thymeleaf configuration)
2021-03-14 16:24:14.381 [restartedMain] WARN  o.s.b.a.t.ThymeleafAutoConfiguration$DefaultTemplateResolverConfiguration - Cannot find template location: classpath:/templates/ (please add some templates or check your Thymeleaf configuration)
2021-03-14 16:24:38.870 [https-jsse-nio-443-exec-4] WARN  o.s.w.s.m.m.a.ExceptionHandlerExceptionResolver - Resolved [org.springframework.jdbc.BadSqlGrammarException: 
### Error updating database.  Cause: java.sql.SQLSyntaxErrorException: You have an error in your SQL syntax; check the manual that corresponds to your MySQL server version for the right syntax to use near 'commit' at line 1
### The error may exist in file [D:\IntelliJ IDEA 2018.2.2\Projects\SignupOnline\target\classes\mapper\CommonMapper.xml]
### The error may involve com.example.signuponline.mapper.CommonMapper.clearHistory-Inline
### The error occurred while setting parameters
### SQL: DELETE FROM `search` WHERE `openid`=?;commit;
### Cause: java.sql.SQLSyntaxErrorException: You have an error in your SQL syntax; check the manual that corresponds to your MySQL server version for the right syntax to use near 'commit' at line 1
; bad SQL grammar []; nested exception is java.sql.SQLSyntaxErrorException: You have an error in your SQL syntax; check the manual that corresponds to your MySQL server version for the right syntax to use near 'commit' at line 1]
2021-03-14 16:34:25.104 [restartedMain] WARN  o.s.b.a.t.ThymeleafAutoConfiguration$DefaultTemplateResolverConfiguration - Cannot find template location: classpath:/templates/ (please add some templates or check your Thymeleaf configuration)
2021-03-14 16:35:31.035 [https-jsse-nio-443-exec-4] WARN  o.s.w.s.m.m.a.ExceptionHandlerExceptionResolver - Resolved [org.springframework.jdbc.BadSqlGrammarException: 
### Error updating database.  Cause: java.sql.SQLSyntaxErrorException: You have an error in your SQL syntax; check the manual that corresponds to your MySQL server version for the right syntax to use near 'commit' at line 2
### The error may exist in file [D:\IntelliJ IDEA 2018.2.2\Projects\SignupOnline\target\classes\mapper\CommonMapper.xml]
### The error may involve com.example.signuponline.mapper.CommonMapper.clearHistory-Inline
### The error occurred while setting parameters
### SQL: DELETE FROM `search` WHERE `openid`=?;         commit;
### Cause: java.sql.SQLSyntaxErrorException: You have an error in your SQL syntax; check the manual that corresponds to your MySQL server version for the right syntax to use near 'commit' at line 2
; bad SQL grammar []; nested exception is java.sql.SQLSyntaxErrorException: You have an error in your SQL syntax; check the manual that corresponds to your MySQL server version for the right syntax to use near 'commit' at line 2]
2021-03-14 16:36:25.708 [restartedMain] WARN  o.s.b.a.t.ThymeleafAutoConfiguration$DefaultTemplateResolverConfiguration - Cannot find template location: classpath:/templates/ (please add some templates or check your Thymeleaf configuration)
2021-03-14 16:38:22.581 [restartedMain] WARN  o.s.b.a.t.ThymeleafAutoConfiguration$DefaultTemplateResolverConfiguration - Cannot find template location: classpath:/templates/ (please add some templates or check your Thymeleaf configuration)
2021-03-14 16:40:06.041 [restartedMain] WARN  o.s.b.a.t.ThymeleafAutoConfiguration$DefaultTemplateResolverConfiguration - Cannot find template location: classpath:/templates/ (please add some templates or check your Thymeleaf configuration)
2021-03-14 16:41:51.233 [restartedMain] WARN  o.s.b.a.t.ThymeleafAutoConfiguration$DefaultTemplateResolverConfiguration - Cannot find template location: classpath:/templates/ (please add some templates or check your Thymeleaf configuration)
2021-03-14 16:44:13.694 [restartedMain] WARN  o.s.b.a.t.ThymeleafAutoConfiguration$DefaultTemplateResolverConfiguration - Cannot find template location: classpath:/templates/ (please add some templates or check your Thymeleaf configuration)
2021-03-14 20:54:08.436 [HikariPool-1 housekeeper] WARN  com.zaxxer.hikari.pool.HikariPool - HikariPool-1 - Thread starvation or clock leap detected (housekeeper delta=1h44m55s949ms889µs900ns).
