2021-03-11 00:01:07.850 [restartedMain] WARN  o.s.b.a.t.ThymeleafAutoConfiguration$DefaultTemplateResolverConfiguration - Cannot find template location: classpath:/templates/ (please add some templates or check your Thymeleaf configuration)
2021-03-11 00:02:51.523 [restartedMain] WARN  o.s.b.a.t.ThymeleafAutoConfiguration$DefaultTemplateResolverConfiguration - Cannot find template location: classpath:/templates/ (please add some templates or check your Thymeleaf configuration)
2021-03-11 00:04:47.563 [restartedMain] WARN  o.s.b.a.t.ThymeleafAutoConfiguration$DefaultTemplateResolverConfiguration - Cannot find template location: classpath:/templates/ (please add some templates or check your Thymeleaf configuration)
2021-03-11 13:18:10.815 [HikariPool-1 housekeeper] WARN  com.zaxxer.hikari.pool.HikariPool - HikariPool-1 - Thread starvation or clock leap detected (housekeeper delta=13h11m24s585ms469µs200ns).
2021-03-11 13:27:00.958 [restartedMain] WARN  o.s.b.a.t.ThymeleafAutoConfiguration$DefaultTemplateResolverConfiguration - Cannot find template location: classpath:/templates/ (please add some templates or check your Thymeleaf configuration)
2021-03-11 14:20:18.137 [restartedMain] WARN  o.s.b.a.t.ThymeleafAutoConfiguration$DefaultTemplateResolverConfiguration - Cannot find template location: classpath:/templates/ (please add some templates or check your Thymeleaf configuration)
2021-03-11 14:21:19.122 [restartedMain] WARN  o.s.b.a.t.ThymeleafAutoConfiguration$DefaultTemplateResolverConfiguration - Cannot find template location: classpath:/templates/ (please add some templates or check your Thymeleaf configuration)
2021-03-11 14:40:29.135 [restartedMain] WARN  o.s.b.a.t.ThymeleafAutoConfiguration$DefaultTemplateResolverConfiguration - Cannot find template location: classpath:/templates/ (please add some templates or check your Thymeleaf configuration)
2021-03-11 14:45:50.139 [restartedMain] WARN  o.s.b.a.t.ThymeleafAutoConfiguration$DefaultTemplateResolverConfiguration - Cannot find template location: classpath:/templates/ (please add some templates or check your Thymeleaf configuration)
2021-03-11 14:46:51.750 [restartedMain] WARN  o.s.b.a.t.ThymeleafAutoConfiguration$DefaultTemplateResolverConfiguration - Cannot find template location: classpath:/templates/ (please add some templates or check your Thymeleaf configuration)
2021-03-11 14:47:39.584 [restartedMain] WARN  o.s.b.a.t.ThymeleafAutoConfiguration$DefaultTemplateResolverConfiguration - Cannot find template location: classpath:/templates/ (please add some templates or check your Thymeleaf configuration)
2021-03-11 15:13:32.478 [restartedMain] WARN  o.s.b.a.t.ThymeleafAutoConfiguration$DefaultTemplateResolverConfiguration - Cannot find template location: classpath:/templates/ (please add some templates or check your Thymeleaf configuration)
2021-03-11 15:17:32.813 [restartedMain] WARN  o.s.b.a.t.ThymeleafAutoConfiguration$DefaultTemplateResolverConfiguration - Cannot find template location: classpath:/templates/ (please add some templates or check your Thymeleaf configuration)
2021-03-11 15:18:45.337 [restartedMain] WARN  o.s.b.a.t.ThymeleafAutoConfiguration$DefaultTemplateResolverConfiguration - Cannot find template location: classpath:/templates/ (please add some templates or check your Thymeleaf configuration)
2021-03-11 16:40:21.485 [restartedMain] WARN  o.s.b.a.t.ThymeleafAutoConfiguration$DefaultTemplateResolverConfiguration - Cannot find template location: classpath:/templates/ (please add some templates or check your Thymeleaf configuration)
2021-03-11 16:55:05.614 [restartedMain] WARN  o.s.b.a.t.ThymeleafAutoConfiguration$DefaultTemplateResolverConfiguration - Cannot find template location: classpath:/templates/ (please add some templates or check your Thymeleaf configuration)
2021-03-11 17:09:43.683 [restartedMain] WARN  o.s.b.w.s.c.AnnotationConfigServletWebServerApplicationContext - Exception encountered during context initialization - cancelling refresh attempt: org.springframework.beans.factory.UnsatisfiedDependencyException: Error creating bean with name 'commonController': Unsatisfied dependency expressed through field 'commonService'; nested exception is org.springframework.beans.factory.UnsatisfiedDependencyException: Error creating bean with name 'commonServiceImpl': Unsatisfied dependency expressed through field 'commonMapper'; nested exception is org.springframework.beans.factory.UnsatisfiedDependencyException: Error creating bean with name 'commonMapper' defined in file [D:\IntelliJ IDEA 2018.2.2\Projects\SignupOnline\target\classes\com\example\signuponline\mapper\CommonMapper.class]: Unsatisfied dependency expressed through bean property 'sqlSessionFactory'; nested exception is org.springframework.beans.factory.BeanCreationException: Error creating bean with name 'sqlSessionFactory' defined in class path resource [org/mybatis/spring/boot/autoconfigure/MybatisAutoConfiguration.class]: Bean instantiation via factory method failed; nested exception is org.springframework.beans.BeanInstantiationException: Failed to instantiate [org.apache.ibatis.session.SqlSessionFactory]: Factory method 'sqlSessionFactory' threw exception; nested exception is org.springframework.core.NestedIOException: Failed to parse mapping resource: 'file [D:\IntelliJ IDEA 2018.2.2\Projects\SignupOnline\target\classes\mapper\CommonMapper.xml]'; nested exception is org.apache.ibatis.builder.BuilderException: Error creating document instance.  Cause: org.xml.sax.SAXParseException; lineNumber: 32; columnNumber: 5; 与元素类型 "null" 相关联的 "parameterType" 属性值不能包含 '<' 字符。
2021-03-11 17:12:17.398 [restartedMain] WARN  o.s.b.a.t.ThymeleafAutoConfiguration$DefaultTemplateResolverConfiguration - Cannot find template location: classpath:/templates/ (please add some templates or check your Thymeleaf configuration)
2021-03-11 17:12:19.889 [https-jsse-nio-443-exec-4] WARN  o.s.w.s.m.m.a.ExceptionHandlerExceptionResolver - Resolved [org.springframework.http.converter.HttpMessageNotReadableException: JSON parse error: Cannot deserialize instance of `java.lang.Integer` out of START_OBJECT token; nested exception is com.fasterxml.jackson.databind.exc.MismatchedInputException: Cannot deserialize instance of `java.lang.Integer` out of START_OBJECT token
 at [Source: (PushbackInputStream); line: 1, column: 1]]
2021-03-11 17:15:52.538 [restartedMain] WARN  o.s.b.a.t.ThymeleafAutoConfiguration$DefaultTemplateResolverConfiguration - Cannot find template location: classpath:/templates/ (please add some templates or check your Thymeleaf configuration)
2021-03-11 17:15:56.009 [https-jsse-nio-443-exec-4] WARN  o.s.w.s.m.m.a.ExceptionHandlerExceptionResolver - Resolved [org.springframework.http.converter.HttpMessageNotReadableException: JSON parse error: Cannot deserialize instance of `java.lang.Integer` out of START_OBJECT token; nested exception is com.fasterxml.jackson.databind.exc.MismatchedInputException: Cannot deserialize instance of `java.lang.Integer` out of START_OBJECT token
 at [Source: (PushbackInputStream); line: 1, column: 1]]
2021-03-11 17:19:12.605 [https-jsse-nio-443-exec-4] WARN  o.s.w.s.m.m.a.ExceptionHandlerExceptionResolver - Resolved [org.springframework.http.converter.HttpMessageNotReadableException: Required request body is missing: public java.lang.String com.example.signuponline.controller.CommonController.getActivityDetails(java.lang.Integer) throws java.lang.NullPointerException]
2021-03-11 17:20:53.176 [restartedMain] WARN  o.s.b.a.t.ThymeleafAutoConfiguration$DefaultTemplateResolverConfiguration - Cannot find template location: classpath:/templates/ (please add some templates or check your Thymeleaf configuration)
2021-03-11 17:20:55.483 [https-jsse-nio-443-exec-4] WARN  o.s.w.s.m.m.a.ExceptionHandlerExceptionResolver - Resolved [java.lang.NullPointerException: id为空!]
2021-03-11 17:21:07.322 [https-jsse-nio-443-exec-5] WARN  o.s.w.s.m.m.a.ExceptionHandlerExceptionResolver - Resolved [java.lang.NullPointerException: id为空!]
2021-03-11 17:21:58.393 [https-jsse-nio-443-exec-6] WARN  o.s.w.s.m.m.a.ExceptionHandlerExceptionResolver - Resolved [java.lang.NullPointerException: id为空!]
2021-03-11 17:22:36.282 [https-jsse-nio-443-exec-3] WARN  o.s.w.s.m.m.a.ExceptionHandlerExceptionResolver - Resolved [java.lang.NullPointerException: id为空!]
2021-03-11 21:31:18.886 [restartedMain] WARN  o.s.b.a.t.ThymeleafAutoConfiguration$DefaultTemplateResolverConfiguration - Cannot find template location: classpath:/templates/ (please add some templates or check your Thymeleaf configuration)
2021-03-11 22:02:18.549 [https-jsse-nio-443-exec-8] WARN  o.s.w.s.m.m.a.ExceptionHandlerExceptionResolver - Resolved [org.springframework.web.HttpRequestMethodNotSupportedException: Request method 'GET' not supported]
2021-03-11 22:02:23.978 [https-jsse-nio-443-exec-7] WARN  o.s.w.s.m.m.a.ExceptionHandlerExceptionResolver - Resolved [org.springframework.jdbc.BadSqlGrammarException: 
### Error querying database.  Cause: java.sql.SQLSyntaxErrorException: You have an error in your SQL syntax; check the manual that corresponds to your MySQL server version for the right syntax to use near 'null,'https://776f-wochang-1wcpv-1301279611.tcb.qcloud.la/121212.jpg?sign=5bb2ac' at line 5
### The error may exist in file [D:\IntelliJ IDEA 2018.2.2\Projects\SignupOnline\target\classes\mapper\PublishMapper.xml]
### The error may involve com.example.signuponline.mapper.PublishMapper.newActivity-Inline
### The error occurred while setting parameters
### SQL: INSERT INTO `activity`         ( `openid`, `title`, `content`, `type1`, `type2`, `start_time`, `end_time`, `address`, `poster_url`, `detail_url`, `group_id` )         VALUES         (?,?,?,?,?,?,?,?                      ?,?,?   );
### Cause: java.sql.SQLSyntaxErrorException: You have an error in your SQL syntax; check the manual that corresponds to your MySQL server version for the right syntax to use near 'null,'https://776f-wochang-1wcpv-1301279611.tcb.qcloud.la/121212.jpg?sign=5bb2ac' at line 5
; bad SQL grammar []; nested exception is java.sql.SQLSyntaxErrorException: You have an error in your SQL syntax; check the manual that corresponds to your MySQL server version for the right syntax to use near 'null,'https://776f-wochang-1wcpv-1301279611.tcb.qcloud.la/121212.jpg?sign=5bb2ac' at line 5]
2021-03-11 22:03:28.714 [restartedMain] WARN  o.s.b.a.t.ThymeleafAutoConfiguration$DefaultTemplateResolverConfiguration - Cannot find template location: classpath:/templates/ (please add some templates or check your Thymeleaf configuration)
2021-03-11 22:03:34.915 [https-jsse-nio-443-exec-4] WARN  o.s.w.s.m.m.a.ExceptionHandlerExceptionResolver - Resolved [org.springframework.jdbc.BadSqlGrammarException: 
### Error querying database.  Cause: java.sql.SQLSyntaxErrorException: You have an error in your SQL syntax; check the manual that corresponds to your MySQL server version for the right syntax to use near 'null,'https://776f-wochang-1wcpv-1301279611.tcb.qcloud.la/121212.jpg?sign=5bb2ac' at line 5
### The error may exist in file [D:\IntelliJ IDEA 2018.2.2\Projects\SignupOnline\target\classes\mapper\PublishMapper.xml]
### The error may involve com.example.signuponline.mapper.PublishMapper.newActivity-Inline
### The error occurred while setting parameters
### SQL: INSERT INTO `activity`         ( `openid`, `title`, `content`, `type1`, `type2`, `start_time`, `end_time`, `address`, `poster_url`, `detail_url`, `group_id` )         VALUES         (?,?,?,?,?,?,?,?                      ?,?,?   );
### Cause: java.sql.SQLSyntaxErrorException: You have an error in your SQL syntax; check the manual that corresponds to your MySQL server version for the right syntax to use near 'null,'https://776f-wochang-1wcpv-1301279611.tcb.qcloud.la/121212.jpg?sign=5bb2ac' at line 5
; bad SQL grammar []; nested exception is java.sql.SQLSyntaxErrorException: You have an error in your SQL syntax; check the manual that corresponds to your MySQL server version for the right syntax to use near 'null,'https://776f-wochang-1wcpv-1301279611.tcb.qcloud.la/121212.jpg?sign=5bb2ac' at line 5]
2021-03-11 22:05:23.612 [restartedMain] WARN  o.s.b.a.t.ThymeleafAutoConfiguration$DefaultTemplateResolverConfiguration - Cannot find template location: classpath:/templates/ (please add some templates or check your Thymeleaf configuration)
2021-03-11 22:05:38.700 [https-jsse-nio-443-exec-4] WARN  o.s.w.s.m.m.a.ExceptionHandlerExceptionResolver - Resolved [org.springframework.dao.DataIntegrityViolationException: 
### Error querying database.  Cause: java.sql.SQLIntegrityConstraintViolationException: Column 'poster_url' cannot be null
### The error may exist in file [D:\IntelliJ IDEA 2018.2.2\Projects\SignupOnline\target\classes\mapper\PublishMapper.xml]
### The error may involve com.example.signuponline.mapper.PublishMapper.newActivity-Inline
### The error occurred while setting parameters
### SQL: INSERT INTO `activity`         ( `openid`, `title`, `content`, `type1`, `type2`, `start_time`, `end_time`, `address`, `poster_url`, `detail_url`, `group_id` )         VALUES         (?,?,?,?,?,?,?,?,                      ?,?,?   );
### Cause: java.sql.SQLIntegrityConstraintViolationException: Column 'poster_url' cannot be null
; Column 'poster_url' cannot be null; nested exception is java.sql.SQLIntegrityConstraintViolationException: Column 'poster_url' cannot be null]
2021-03-11 22:05:54.059 [https-jsse-nio-443-exec-5] WARN  o.s.w.s.m.m.a.ExceptionHandlerExceptionResolver - Resolved [org.springframework.dao.DataIntegrityViolationException: 
### Error querying database.  Cause: java.sql.SQLIntegrityConstraintViolationException: Cannot add or update a child row: a foreign key constraint fails (`signuponline`.`activity`, CONSTRAINT `fk_openid` FOREIGN KEY (`openid`) REFERENCES `user` (`openid`) ON DELETE RESTRICT ON UPDATE RESTRICT)
### The error may exist in file [D:\IntelliJ IDEA 2018.2.2\Projects\SignupOnline\target\classes\mapper\PublishMapper.xml]
### The error may involve com.example.signuponline.mapper.PublishMapper.newActivity-Inline
### The error occurred while setting parameters
### SQL: INSERT INTO `activity`         ( `openid`, `title`, `content`, `type1`, `type2`, `start_time`, `end_time`, `address`, `poster_url`, `detail_url`, `group_id` )         VALUES         (?,?,?,?,?,?,?,?,                      ?,?,?   );
### Cause: java.sql.SQLIntegrityConstraintViolationException: Cannot add or update a child row: a foreign key constraint fails (`signuponline`.`activity`, CONSTRAINT `fk_openid` FOREIGN KEY (`openid`) REFERENCES `user` (`openid`) ON DELETE RESTRICT ON UPDATE RESTRICT)
; Cannot add or update a child row: a foreign key constraint fails (`signuponline`.`activity`, CONSTRAINT `fk_openid` FOREIGN KEY (`openid`) REFERENCES `user` (`openid`) ON DELETE RESTRICT ON UPDATE RESTRICT); nested exception is java.sql.SQLIntegrityConstraintViolationException: Cannot add or update a child row: a foreign key constraint fails (`signuponline`.`activity`, CONSTRAINT `fk_openid` FOREIGN KEY (`openid`) REFERENCES `user` (`openid`) ON DELETE RESTRICT ON UPDATE RESTRICT)]
2021-03-11 22:08:07.283 [https-jsse-nio-443-exec-2] WARN  o.s.w.s.m.m.a.ExceptionHandlerExceptionResolver - Resolved [java.lang.NullPointerException]
2021-03-11 22:10:39.531 [https-jsse-nio-443-exec-10] WARN  o.s.w.s.m.m.a.ExceptionHandlerExceptionResolver - Resolved [java.lang.NullPointerException]
2021-03-11 22:12:34.389 [https-jsse-nio-443-exec-6] WARN  o.s.w.s.m.m.a.ExceptionHandlerExceptionResolver - Resolved [java.lang.NullPointerException]
2021-03-11 22:12:48.921 [https-jsse-nio-443-exec-8] WARN  o.s.w.s.m.m.a.ExceptionHandlerExceptionResolver - Resolved [java.lang.NullPointerException]
2021-03-11 23:25:29.264 [https-jsse-nio-443-exec-9] WARN  o.s.w.s.m.m.a.ExceptionHandlerExceptionResolver - Resolved [java.lang.NullPointerException]
2021-03-11 23:25:42.351 [https-jsse-nio-443-exec-8] WARN  o.s.w.s.m.m.a.ExceptionHandlerExceptionResolver - Resolved [java.lang.NullPointerException]
2021-03-11 23:25:45.824 [https-jsse-nio-443-exec-6] WARN  o.s.w.s.m.m.a.ExceptionHandlerExceptionResolver - Resolved [java.lang.NullPointerException]
2021-03-11 23:30:26.851 [https-jsse-nio-443-exec-5] WARN  o.s.w.s.m.m.a.ExceptionHandlerExceptionResolver - Resolved [java.lang.NullPointerException]
2021-03-11 23:31:14.430 [https-jsse-nio-443-exec-9] WARN  o.s.w.s.m.m.a.ExceptionHandlerExceptionResolver - Resolved [java.lang.NullPointerException]
2021-03-11 23:33:43.339 [https-jsse-nio-443-exec-1] WARN  o.s.w.s.m.m.a.ExceptionHandlerExceptionResolver - Resolved [java.lang.NullPointerException]
2021-03-11 23:34:32.009 [restartedMain] WARN  o.s.b.a.t.ThymeleafAutoConfiguration$DefaultTemplateResolverConfiguration - Cannot find template location: classpath:/templates/ (please add some templates or check your Thymeleaf configuration)
2021-03-11 23:34:35.391 [https-jsse-nio-443-exec-4] WARN  o.s.w.s.m.m.a.ExceptionHandlerExceptionResolver - Resolved [java.lang.NullPointerException]
2021-03-11 23:35:13.502 [restartedMain] WARN  o.s.b.a.t.ThymeleafAutoConfiguration$DefaultTemplateResolverConfiguration - Cannot find template location: classpath:/templates/ (please add some templates or check your Thymeleaf configuration)
2021-03-11 23:35:16.794 [https-jsse-nio-443-exec-4] WARN  o.s.w.s.m.m.a.ExceptionHandlerExceptionResolver - Resolved [java.lang.NullPointerException]
2021-03-11 23:36:19.130 [restartedMain] WARN  o.s.b.a.t.ThymeleafAutoConfiguration$DefaultTemplateResolverConfiguration - Cannot find template location: classpath:/templates/ (please add some templates or check your Thymeleaf configuration)
2021-03-11 23:36:22.066 [https-jsse-nio-443-exec-4] WARN  o.s.w.s.m.m.a.ExceptionHandlerExceptionResolver - Resolved [java.lang.NullPointerException]
2021-03-11 23:48:45.843 [restartedMain] WARN  o.s.b.w.s.c.AnnotationConfigServletWebServerApplicationContext - Exception encountered during context initialization - cancelling refresh attempt: org.springframework.beans.factory.UnsatisfiedDependencyException: Error creating bean with name 'commonController': Unsatisfied dependency expressed through field 'commonService'; nested exception is org.springframework.beans.factory.UnsatisfiedDependencyException: Error creating bean with name 'commonServiceImpl': Unsatisfied dependency expressed through field 'commonMapper'; nested exception is org.springframework.beans.factory.UnsatisfiedDependencyException: Error creating bean with name 'commonMapper' defined in file [D:\IntelliJ IDEA 2018.2.2\Projects\SignupOnline\target\classes\com\example\signuponline\mapper\CommonMapper.class]: Unsatisfied dependency expressed through bean property 'sqlSessionFactory'; nested exception is org.springframework.beans.factory.BeanCreationException: Error creating bean with name 'sqlSessionFactory' defined in class path resource [org/mybatis/spring/boot/autoconfigure/MybatisAutoConfiguration.class]: Bean instantiation via factory method failed; nested exception is org.springframework.beans.BeanInstantiationException: Failed to instantiate [org.apache.ibatis.session.SqlSessionFactory]: Factory method 'sqlSessionFactory' threw exception; nested exception is org.springframework.core.NestedIOException: Failed to parse mapping resource: 'file [D:\IntelliJ IDEA 2018.2.2\Projects\SignupOnline\target\classes\mapper\CommonMapper.xml]'; nested exception is org.apache.ibatis.builder.BuilderException: Error creating document instance.  Cause: org.xml.sax.SAXParseException; lineNumber: 19; columnNumber: 17; 元素类型为 "resultMap" 的内容必须匹配 "(constructor?,id*,result*,association*,collection*,discriminator?)"。
2021-03-11 23:51:26.295 [restartedMain] WARN  o.s.b.a.t.ThymeleafAutoConfiguration$DefaultTemplateResolverConfiguration - Cannot find template location: classpath:/templates/ (please add some templates or check your Thymeleaf configuration)
2021-03-11 23:51:29.936 [https-jsse-nio-443-exec-4] WARN  o.s.w.s.m.m.a.ExceptionHandlerExceptionResolver - Resolved [java.lang.NullPointerException]
2021-03-11 23:52:21.847 [https-jsse-nio-443-exec-7] WARN  o.s.w.s.m.m.a.ExceptionHandlerExceptionResolver - Resolved [java.lang.NullPointerException]
2021-03-11 23:57:03.028 [restartedMain] WARN  o.s.b.a.t.ThymeleafAutoConfiguration$DefaultTemplateResolverConfiguration - Cannot find template location: classpath:/templates/ (please add some templates or check your Thymeleaf configuration)
2021-03-11 23:57:05.681 [https-jsse-nio-443-exec-4] WARN  o.s.w.s.m.m.a.ExceptionHandlerExceptionResolver - Resolved [org.mybatis.spring.MyBatisSystemException: nested exception is org.apache.ibatis.exceptions.PersistenceException: 
### Error querying database.  Cause: java.lang.UnsupportedOperationException
### The error may exist in file [D:\IntelliJ IDEA 2018.2.2\Projects\SignupOnline\target\classes\mapper\CommonMapper.xml]
### The error may involve com.example.signuponline.mapper.CommonMapper.getActivityForHome
### The error occurred while handling results
### SQL: SELECT             a.`id`,             a.`title`,             a.`type1`,             a.`type2`,             a.`address`,             a.`start_time`,             a.`poster_url`,             COUNT( b.`activity_id` ) AS persons         FROM             `activity` a             LEFT JOIN `general_signup` b ON a.`id`= b.`activity_id`             GROUP BY a.`id`
### Cause: java.lang.UnsupportedOperationException]
2021-03-11 23:57:49.524 [restartedMain] WARN  o.s.b.a.t.ThymeleafAutoConfiguration$DefaultTemplateResolverConfiguration - Cannot find template location: classpath:/templates/ (please add some templates or check your Thymeleaf configuration)
2021-03-11 23:57:53.899 [https-jsse-nio-443-exec-4] WARN  o.s.w.s.m.m.a.ExceptionHandlerExceptionResolver - Resolved [java.lang.ClassCastException: java.util.HashMap cannot be cast to com.example.signuponline.bean.Activity]
