2021-03-13 13:22:11.078 [restartedMain] WARN  o.s.b.a.t.ThymeleafAutoConfiguration$DefaultTemplateResolverConfiguration - Cannot find template location: classpath:/templates/ (please add some templates or check your Thymeleaf configuration)
2021-03-13 13:23:24.265 [restartedMain] WARN  o.s.b.a.t.ThymeleafAutoConfiguration$DefaultTemplateResolverConfiguration - Cannot find template location: classpath:/templates/ (please add some templates or check your Thymeleaf configuration)
2021-03-13 13:41:56.273 [restartedMain] WARN  o.s.b.a.t.ThymeleafAutoConfiguration$DefaultTemplateResolverConfiguration - Cannot find template location: classpath:/templates/ (please add some templates or check your Thymeleaf configuration)
2021-03-13 14:14:56.552 [restartedMain] WARN  o.s.b.a.t.ThymeleafAutoConfiguration$DefaultTemplateResolverConfiguration - Cannot find template location: classpath:/templates/ (please add some templates or check your Thymeleaf configuration)
2021-03-13 14:16:44.560 [https-jsse-nio-443-exec-4] WARN  o.s.w.s.m.m.a.ExceptionHandlerExceptionResolver - Resolved [org.springframework.jdbc.BadSqlGrammarException: 
### Error querying database.  Cause: java.sql.SQLSyntaxErrorException: You have an error in your SQL syntax; check the manual that corresponds to your MySQL server version for the right syntax to use near 'a.`id`,
            a.`title`,
            a.`type1`,
            a.`type2`,
   ' at line 1
### The error may exist in file [D:\IntelliJ IDEA 2018.2.2\Projects\SignupOnline\target\classes\mapper\CommonMapper.xml]
### The error may involve com.example.signuponline.mapper.CommonMapper.search-Inline
### The error occurred while setting parameters
### SQL: a.`id`,             a.`title`,             a.`type1`,             a.`type2`,             a.`address`,             a.`start_time`,             a.`poster_url`,             COUNT( b.`activity_id` ) AS persons         FROM         (SELECT * from `activity` where `title`like ? or `type1`like ? or `type2` like ?) a             LEFT JOIN `general_signup` b ON a.`id`= b.`activity_id`             GROUP BY a.`id`
### Cause: java.sql.SQLSyntaxErrorException: You have an error in your SQL syntax; check the manual that corresponds to your MySQL server version for the right syntax to use near 'a.`id`,
            a.`title`,
            a.`type1`,
            a.`type2`,
   ' at line 1
; bad SQL grammar []; nested exception is java.sql.SQLSyntaxErrorException: You have an error in your SQL syntax; check the manual that corresponds to your MySQL server version for the right syntax to use near 'a.`id`,
            a.`title`,
            a.`type1`,
            a.`type2`,
   ' at line 1]
2021-03-13 14:17:51.369 [restartedMain] WARN  o.s.b.a.t.ThymeleafAutoConfiguration$DefaultTemplateResolverConfiguration - Cannot find template location: classpath:/templates/ (please add some templates or check your Thymeleaf configuration)
2021-03-13 14:23:28.886 [restartedMain] WARN  o.s.b.a.t.ThymeleafAutoConfiguration$DefaultTemplateResolverConfiguration - Cannot find template location: classpath:/templates/ (please add some templates or check your Thymeleaf configuration)
2021-03-13 18:20:11.680 [HikariPool-1 housekeeper] WARN  com.zaxxer.hikari.pool.HikariPool - HikariPool-1 - Thread starvation or clock leap detected (housekeeper delta=58m43s771ms750µs100ns).
2021-03-13 18:26:55.116 [restartedMain] WARN  o.s.b.a.t.ThymeleafAutoConfiguration$DefaultTemplateResolverConfiguration - Cannot find template location: classpath:/templates/ (please add some templates or check your Thymeleaf configuration)
2021-03-13 18:27:04.640 [https-jsse-nio-443-exec-4] WARN  o.s.w.s.m.m.a.ExceptionHandlerExceptionResolver - Resolved [org.springframework.http.converter.HttpMessageNotReadableException: Required request body is missing: public java.lang.String com.example.signuponline.controller.CommonController.search(java.util.Map<java.lang.String, java.lang.Object>,javax.servlet.http.HttpSession)]
2021-03-13 18:28:10.481 [https-jsse-nio-443-exec-9] WARN  o.s.w.s.m.m.a.ExceptionHandlerExceptionResolver - Resolved [org.springframework.http.converter.HttpMessageNotReadableException: Required request body is missing: public java.lang.String com.example.signuponline.controller.CommonController.search(java.util.Map<java.lang.String, java.lang.Object>,javax.servlet.http.HttpSession)]
2021-03-13 18:28:16.529 [https-jsse-nio-443-exec-10] WARN  o.s.w.s.m.m.a.ExceptionHandlerExceptionResolver - Resolved [org.springframework.http.converter.HttpMessageNotReadableException: Required request body is missing: public java.lang.String com.example.signuponline.controller.CommonController.search(java.util.Map<java.lang.String, java.lang.Object>,javax.servlet.http.HttpSession)]
2021-03-13 18:30:04.928 [https-jsse-nio-443-exec-5] WARN  o.s.w.s.m.m.a.ExceptionHandlerExceptionResolver - Resolved [org.springframework.http.converter.HttpMessageNotReadableException: JSON parse error: Unexpected character ('“' (code 8220 / 0x201c)): was expecting double-quote to start field name; nested exception is com.fasterxml.jackson.core.JsonParseException: Unexpected character ('“' (code 8220 / 0x201c)): was expecting double-quote to start field name
 at [Source: (PushbackInputStream); line: 2, column: 8]]
2021-03-13 18:31:04.850 [https-jsse-nio-443-exec-6] WARN  o.s.w.s.m.m.a.ExceptionHandlerExceptionResolver - Resolved [org.mybatis.spring.MyBatisSystemException: nested exception is org.apache.ibatis.type.TypeException: Could not set parameters for mapping: ParameterMapping{property='map.createTime', mode=IN, javaType=class java.lang.String, jdbcType=null, numericScale=null, resultMapId='null', jdbcTypeName='null', expression='null'}. Cause: org.apache.ibatis.type.TypeException: Error setting non null for parameter #3 with JdbcType null . Try setting a different JdbcType for this parameter or a different configuration property. Cause: java.lang.ClassCastException: java.util.Date cannot be cast to java.lang.String]
2021-03-13 18:31:47.387 [restartedMain] WARN  o.s.b.a.t.ThymeleafAutoConfiguration$DefaultTemplateResolverConfiguration - Cannot find template location: classpath:/templates/ (please add some templates or check your Thymeleaf configuration)
2021-03-13 18:31:54.271 [https-jsse-nio-443-exec-4] WARN  o.s.w.s.m.m.a.ExceptionHandlerExceptionResolver - Resolved [org.springframework.jdbc.BadSqlGrammarException: 
### Error querying database.  Cause: java.sql.SQLSyntaxErrorException: You have an error in your SQL syntax; check the manual that corresponds to your MySQL server version for the right syntax to use near 'SELECT
            a.`id`,
            a.`title`,
            a.`type1`,
       ' at line 4
### The error may exist in file [D:\IntelliJ IDEA 2018.2.2\Projects\SignupOnline\target\classes\mapper\CommonMapper.xml]
### The error may involve com.example.signuponline.mapper.CommonMapper.search-Inline
### The error occurred while setting parameters
### SQL: INSERT INTO `search` ( `openid`, `key`, `create_time` )         VALUES         (?,?,?);         SELECT             a.`id`,             a.`title`,             a.`type1`,             a.`type2`,             a.`address`,             a.`start_time`,             a.`poster_url`,             COUNT( b.`activity_id` ) AS persons         FROM         (SELECT * from `activity` where `title`like ? or `type1`like ? or `type2` like ?) a             LEFT JOIN `general_signup` b ON a.`id`= b.`activity_id`             GROUP BY a.`id`;
### Cause: java.sql.SQLSyntaxErrorException: You have an error in your SQL syntax; check the manual that corresponds to your MySQL server version for the right syntax to use near 'SELECT
            a.`id`,
            a.`title`,
            a.`type1`,
       ' at line 4
; bad SQL grammar []; nested exception is java.sql.SQLSyntaxErrorException: You have an error in your SQL syntax; check the manual that corresponds to your MySQL server version for the right syntax to use near 'SELECT
            a.`id`,
            a.`title`,
            a.`type1`,
       ' at line 4]
2021-03-13 18:34:34.452 [restartedMain] WARN  o.s.b.a.t.ThymeleafAutoConfiguration$DefaultTemplateResolverConfiguration - Cannot find template location: classpath:/templates/ (please add some templates or check your Thymeleaf configuration)
2021-03-13 18:34:49.153 [https-jsse-nio-443-exec-3] WARN  o.s.w.s.m.m.a.ExceptionHandlerExceptionResolver - Resolved [org.springframework.dao.DataIntegrityViolationException: 
### Error querying database.  Cause: java.sql.SQLIntegrityConstraintViolationException: Column 'openid' cannot be null
### The error may exist in file [D:\IntelliJ IDEA 2018.2.2\Projects\SignupOnline\target\classes\mapper\CommonMapper.xml]
### The error may involve com.example.signuponline.mapper.CommonMapper.addSearch-Inline
### The error occurred while setting parameters
### SQL: INSERT INTO `search` ( `openid`, `key`, `create_time` )         VALUES         (?,?,?);
### Cause: java.sql.SQLIntegrityConstraintViolationException: Column 'openid' cannot be null
; Column 'openid' cannot be null; nested exception is java.sql.SQLIntegrityConstraintViolationException: Column 'openid' cannot be null]
2021-03-13 18:36:47.839 [restartedMain] WARN  o.s.b.a.t.ThymeleafAutoConfiguration$DefaultTemplateResolverConfiguration - Cannot find template location: classpath:/templates/ (please add some templates or check your Thymeleaf configuration)
2021-03-13 18:36:54.592 [https-jsse-nio-443-exec-4] WARN  o.s.w.s.m.m.a.ExceptionHandlerExceptionResolver - Resolved [org.springframework.dao.DataIntegrityViolationException: 
### Error querying database.  Cause: java.sql.SQLIntegrityConstraintViolationException: Column 'openid' cannot be null
### The error may exist in file [D:\IntelliJ IDEA 2018.2.2\Projects\SignupOnline\target\classes\mapper\CommonMapper.xml]
### The error may involve com.example.signuponline.mapper.CommonMapper.addSearch-Inline
### The error occurred while setting parameters
### SQL: INSERT INTO `search` ( `openid`, `key`, `create_time` )         VALUES         (?,?,?);
### Cause: java.sql.SQLIntegrityConstraintViolationException: Column 'openid' cannot be null
; Column 'openid' cannot be null; nested exception is java.sql.SQLIntegrityConstraintViolationException: Column 'openid' cannot be null]
2021-03-13 18:43:35.021 [restartedMain] WARN  o.s.b.a.t.ThymeleafAutoConfiguration$DefaultTemplateResolverConfiguration - Cannot find template location: classpath:/templates/ (please add some templates or check your Thymeleaf configuration)
2021-03-13 18:43:38.347 [https-jsse-nio-443-exec-4] WARN  o.s.w.s.m.m.a.ExceptionHandlerExceptionResolver - Resolved [org.springframework.dao.DataIntegrityViolationException: 
### Error querying database.  Cause: java.sql.SQLIntegrityConstraintViolationException: Column 'openid' cannot be null
### The error may exist in file [D:\IntelliJ IDEA 2018.2.2\Projects\SignupOnline\target\classes\mapper\CommonMapper.xml]
### The error may involve com.example.signuponline.mapper.CommonMapper.addSearch-Inline
### The error occurred while setting parameters
### SQL: INSERT INTO `search` ( `openid`, `key`, `create_time` )         VALUES         (?,?,?);
### Cause: java.sql.SQLIntegrityConstraintViolationException: Column 'openid' cannot be null
; Column 'openid' cannot be null; nested exception is java.sql.SQLIntegrityConstraintViolationException: Column 'openid' cannot be null]
2021-03-13 18:44:20.806 [restartedMain] WARN  o.s.b.a.t.ThymeleafAutoConfiguration$DefaultTemplateResolverConfiguration - Cannot find template location: classpath:/templates/ (please add some templates or check your Thymeleaf configuration)
2021-03-13 18:44:43.753 [https-jsse-nio-443-exec-3] WARN  o.s.w.s.m.m.a.ExceptionHandlerExceptionResolver - Resolved [org.springframework.dao.DataIntegrityViolationException: 
### Error querying database.  Cause: java.sql.SQLIntegrityConstraintViolationException: Column 'openid' cannot be null
### The error may exist in file [D:\IntelliJ IDEA 2018.2.2\Projects\SignupOnline\target\classes\mapper\CommonMapper.xml]
### The error may involve com.example.signuponline.mapper.CommonMapper.addSearch-Inline
### The error occurred while setting parameters
### SQL: INSERT INTO `search` ( `openid`, `key`, `create_time` )         VALUES         (?,?,?);
### Cause: java.sql.SQLIntegrityConstraintViolationException: Column 'openid' cannot be null
; Column 'openid' cannot be null; nested exception is java.sql.SQLIntegrityConstraintViolationException: Column 'openid' cannot be null]
2021-03-13 20:14:59.540 [HikariPool-1 housekeeper] WARN  com.zaxxer.hikari.pool.HikariPool - HikariPool-1 - Thread starvation or clock leap detected (housekeeper delta=26m40s397ms966µs700ns).
2021-03-13 20:23:16.773 [restartedMain] WARN  o.s.b.a.t.ThymeleafAutoConfiguration$DefaultTemplateResolverConfiguration - Cannot find template location: classpath:/templates/ (please add some templates or check your Thymeleaf configuration)
2021-03-13 20:23:27.562 [https-jsse-nio-443-exec-4] WARN  o.s.w.s.m.m.a.ExceptionHandlerExceptionResolver - Resolved [org.springframework.dao.DataIntegrityViolationException: 
### Error querying database.  Cause: java.sql.SQLIntegrityConstraintViolationException: Column 'openid' cannot be null
### The error may exist in file [D:\IntelliJ IDEA 2018.2.2\Projects\SignupOnline\target\classes\mapper\CommonMapper.xml]
### The error may involve com.example.signuponline.mapper.CommonMapper.addSearch-Inline
### The error occurred while setting parameters
### SQL: INSERT INTO `search` ( `openid`, `key`, `create_time` )         VALUES         (?,?,?);
### Cause: java.sql.SQLIntegrityConstraintViolationException: Column 'openid' cannot be null
; Column 'openid' cannot be null; nested exception is java.sql.SQLIntegrityConstraintViolationException: Column 'openid' cannot be null]
2021-03-13 20:24:37.510 [restartedMain] WARN  o.s.b.a.t.ThymeleafAutoConfiguration$DefaultTemplateResolverConfiguration - Cannot find template location: classpath:/templates/ (please add some templates or check your Thymeleaf configuration)
2021-03-13 20:24:49.457 [https-jsse-nio-443-exec-3] WARN  o.s.w.s.m.m.a.ExceptionHandlerExceptionResolver - Resolved [org.springframework.dao.DataIntegrityViolationException: 
### Error querying database.  Cause: java.sql.SQLIntegrityConstraintViolationException: Column 'openid' cannot be null
### The error may exist in file [D:\IntelliJ IDEA 2018.2.2\Projects\SignupOnline\target\classes\mapper\CommonMapper.xml]
### The error may involve com.example.signuponline.mapper.CommonMapper.addSearch-Inline
### The error occurred while setting parameters
### SQL: INSERT INTO `search` ( `openid`, `key`, `create_time` )         VALUES         (?,?,?);
### Cause: java.sql.SQLIntegrityConstraintViolationException: Column 'openid' cannot be null
; Column 'openid' cannot be null; nested exception is java.sql.SQLIntegrityConstraintViolationException: Column 'openid' cannot be null]
2021-03-13 20:35:34.171 [restartedMain] WARN  o.s.b.a.t.ThymeleafAutoConfiguration$DefaultTemplateResolverConfiguration - Cannot find template location: classpath:/templates/ (please add some templates or check your Thymeleaf configuration)
2021-03-13 20:35:51.423 [https-jsse-nio-443-exec-3] WARN  o.s.w.s.m.m.a.ExceptionHandlerExceptionResolver - Resolved [org.springframework.dao.DataIntegrityViolationException: 
### Error querying database.  Cause: java.sql.SQLIntegrityConstraintViolationException: Column 'openid' cannot be null
### The error may exist in file [D:\IntelliJ IDEA 2018.2.2\Projects\SignupOnline\target\classes\mapper\CommonMapper.xml]
### The error may involve com.example.signuponline.mapper.CommonMapper.addSearch-Inline
### The error occurred while setting parameters
### SQL: INSERT INTO `search` ( `openid`, `key`, `create_time` )         VALUES         (?,?,?);
### Cause: java.sql.SQLIntegrityConstraintViolationException: Column 'openid' cannot be null
; Column 'openid' cannot be null; nested exception is java.sql.SQLIntegrityConstraintViolationException: Column 'openid' cannot be null]
2021-03-13 20:45:25.882 [restartedMain] WARN  o.s.b.a.t.ThymeleafAutoConfiguration$DefaultTemplateResolverConfiguration - Cannot find template location: classpath:/templates/ (please add some templates or check your Thymeleaf configuration)
2021-03-13 20:49:16.368 [restartedMain] WARN  o.s.b.a.t.ThymeleafAutoConfiguration$DefaultTemplateResolverConfiguration - Cannot find template location: classpath:/templates/ (please add some templates or check your Thymeleaf configuration)
2021-03-13 20:59:03.348 [restartedMain] WARN  o.s.b.a.t.ThymeleafAutoConfiguration$DefaultTemplateResolverConfiguration - Cannot find template location: classpath:/templates/ (please add some templates or check your Thymeleaf configuration)
2021-03-13 21:03:47.869 [restartedMain] WARN  o.s.b.a.t.ThymeleafAutoConfiguration$DefaultTemplateResolverConfiguration - Cannot find template location: classpath:/templates/ (please add some templates or check your Thymeleaf configuration)
2021-03-13 21:14:34.200 [restartedMain] WARN  o.s.b.a.t.ThymeleafAutoConfiguration$DefaultTemplateResolverConfiguration - Cannot find template location: classpath:/templates/ (please add some templates or check your Thymeleaf configuration)
2021-03-13 21:14:42.989 [https-jsse-nio-443-exec-9] WARN  o.s.w.s.m.m.a.ExceptionHandlerExceptionResolver - Resolved [org.springframework.http.converter.HttpMessageNotReadableException: Required request body is missing: public java.lang.String com.example.signuponline.controller.CommonController.search(java.util.Map<java.lang.String, java.lang.Object>)]
2021-03-13 21:17:38.891 [restartedMain] WARN  o.s.b.a.t.ThymeleafAutoConfiguration$DefaultTemplateResolverConfiguration - Cannot find template location: classpath:/templates/ (please add some templates or check your Thymeleaf configuration)
2021-03-13 21:17:47.858 [https-jsse-nio-443-exec-4] WARN  o.s.w.s.m.m.a.ExceptionHandlerExceptionResolver - Resolved [org.springframework.dao.DataIntegrityViolationException: 
### Error querying database.  Cause: java.sql.SQLIntegrityConstraintViolationException: Column 'key' cannot be null
### The error may exist in file [D:\IntelliJ IDEA 2018.2.2\Projects\SignupOnline\target\classes\mapper\CommonMapper.xml]
### The error may involve com.example.signuponline.mapper.CommonMapper.addSearch-Inline
### The error occurred while setting parameters
### SQL: INSERT INTO `search` ( `openid`, `key`, `create_time` )         VALUES         (?,?,?);
### Cause: java.sql.SQLIntegrityConstraintViolationException: Column 'key' cannot be null
; Column 'key' cannot be null; nested exception is java.sql.SQLIntegrityConstraintViolationException: Column 'key' cannot be null]
2021-03-13 21:18:08.097 [https-jsse-nio-443-exec-1] WARN  o.s.w.s.m.m.a.ExceptionHandlerExceptionResolver - Resolved [org.springframework.dao.DataIntegrityViolationException: 
### Error querying database.  Cause: java.sql.SQLIntegrityConstraintViolationException: Column 'key' cannot be null
### The error may exist in file [D:\IntelliJ IDEA 2018.2.2\Projects\SignupOnline\target\classes\mapper\CommonMapper.xml]
### The error may involve com.example.signuponline.mapper.CommonMapper.addSearch-Inline
### The error occurred while setting parameters
### SQL: INSERT INTO `search` ( `openid`, `key`, `create_time` )         VALUES         (?,?,?);
### Cause: java.sql.SQLIntegrityConstraintViolationException: Column 'key' cannot be null
; Column 'key' cannot be null; nested exception is java.sql.SQLIntegrityConstraintViolationException: Column 'key' cannot be null]
2021-03-13 21:19:29.628 [https-jsse-nio-443-exec-8] WARN  o.s.w.s.m.m.a.ExceptionHandlerExceptionResolver - Resolved [org.springframework.dao.DataIntegrityViolationException: 
### Error querying database.  Cause: java.sql.SQLIntegrityConstraintViolationException: Column 'key' cannot be null
### The error may exist in file [D:\IntelliJ IDEA 2018.2.2\Projects\SignupOnline\target\classes\mapper\CommonMapper.xml]
### The error may involve com.example.signuponline.mapper.CommonMapper.addSearch-Inline
### The error occurred while setting parameters
### SQL: INSERT INTO `search` ( `openid`, `key`, `create_time` )         VALUES         (?,?,?);
### Cause: java.sql.SQLIntegrityConstraintViolationException: Column 'key' cannot be null
; Column 'key' cannot be null; nested exception is java.sql.SQLIntegrityConstraintViolationException: Column 'key' cannot be null]
2021-03-13 21:20:21.516 [restartedMain] WARN  o.s.b.a.t.ThymeleafAutoConfiguration$DefaultTemplateResolverConfiguration - Cannot find template location: classpath:/templates/ (please add some templates or check your Thymeleaf configuration)
2021-03-13 21:23:27.664 [restartedMain] WARN  o.s.b.a.t.ThymeleafAutoConfiguration$DefaultTemplateResolverConfiguration - Cannot find template location: classpath:/templates/ (please add some templates or check your Thymeleaf configuration)
2021-03-13 21:23:50.833 [https-jsse-nio-443-exec-6] WARN  o.s.w.s.m.m.a.ExceptionHandlerExceptionResolver - Resolved [org.springframework.web.HttpRequestMethodNotSupportedException: Request method 'GET' not supported]
2021-03-13 21:24:33.390 [restartedMain] WARN  o.s.b.a.t.ThymeleafAutoConfiguration$DefaultTemplateResolverConfiguration - Cannot find template location: classpath:/templates/ (please add some templates or check your Thymeleaf configuration)
2021-03-13 21:26:35.875 [restartedMain] WARN  o.s.b.a.t.ThymeleafAutoConfiguration$DefaultTemplateResolverConfiguration - Cannot find template location: classpath:/templates/ (please add some templates or check your Thymeleaf configuration)
2021-03-13 21:34:02.682 [restartedMain] WARN  o.s.b.a.t.ThymeleafAutoConfiguration$DefaultTemplateResolverConfiguration - Cannot find template location: classpath:/templates/ (please add some templates or check your Thymeleaf configuration)
2021-03-13 21:43:54.444 [restartedMain] WARN  o.s.b.a.t.ThymeleafAutoConfiguration$DefaultTemplateResolverConfiguration - Cannot find template location: classpath:/templates/ (please add some templates or check your Thymeleaf configuration)
2021-03-13 21:52:46.858 [restartedMain] WARN  o.s.b.a.t.ThymeleafAutoConfiguration$DefaultTemplateResolverConfiguration - Cannot find template location: classpath:/templates/ (please add some templates or check your Thymeleaf configuration)
