2021-03-21 13:12:27.697 [restartedMain] DEBUG org.mybatis.spring.mapper.ClassPathMapperScanner - Identified candidate component class: file [D:\IntelliJ IDEA 2018.2.2\Projects\SignupOnline\target\classes\com\example\signuponline\mapper\CommonMapper.class]
2021-03-21 13:12:27.705 [restartedMain] DEBUG org.mybatis.spring.mapper.ClassPathMapperScanner - Identified candidate component class: file [D:\IntelliJ IDEA 2018.2.2\Projects\SignupOnline\target\classes\com\example\signuponline\mapper\PublishMapper.class]
2021-03-21 13:12:27.705 [restartedMain] DEBUG org.mybatis.spring.mapper.ClassPathMapperScanner - Identified candidate component class: file [D:\IntelliJ IDEA 2018.2.2\Projects\SignupOnline\target\classes\com\example\signuponline\mapper\WeChatMapper.class]
2021-03-21 13:12:27.705 [restartedMain] DEBUG org.mybatis.spring.mapper.ClassPathMapperScanner - Creating MapperFactoryBean with name 'commonMapper' and 'com.example.signuponline.mapper.CommonMapper' mapperInterface
2021-03-21 13:12:27.706 [restartedMain] DEBUG org.mybatis.spring.mapper.ClassPathMapperScanner - Enabling autowire by type for MapperFactoryBean with name 'commonMapper'.
2021-03-21 13:12:27.706 [restartedMain] DEBUG org.mybatis.spring.mapper.ClassPathMapperScanner - Creating MapperFactoryBean with name 'publishMapper' and 'com.example.signuponline.mapper.PublishMapper' mapperInterface
2021-03-21 13:12:27.706 [restartedMain] DEBUG org.mybatis.spring.mapper.ClassPathMapperScanner - Enabling autowire by type for MapperFactoryBean with name 'publishMapper'.
2021-03-21 13:12:27.706 [restartedMain] DEBUG org.mybatis.spring.mapper.ClassPathMapperScanner - Creating MapperFactoryBean with name 'weChatMapper' and 'com.example.signuponline.mapper.WeChatMapper' mapperInterface
2021-03-21 13:12:27.706 [restartedMain] DEBUG org.mybatis.spring.mapper.ClassPathMapperScanner - Enabling autowire by type for MapperFactoryBean with name 'weChatMapper'.
2021-03-21 13:12:31.516 [restartedMain] DEBUG org.mybatis.spring.SqlSessionFactoryBean - Parsed mapper file: 'file [D:\IntelliJ IDEA 2018.2.2\Projects\SignupOnline\target\classes\mapper\CommonMapper.xml]'
2021-03-21 13:12:31.531 [restartedMain] DEBUG org.mybatis.spring.SqlSessionFactoryBean - Parsed mapper file: 'file [D:\IntelliJ IDEA 2018.2.2\Projects\SignupOnline\target\classes\mapper\PublishMapper.xml]'
2021-03-21 13:12:31.542 [restartedMain] DEBUG org.mybatis.spring.SqlSessionFactoryBean - Parsed mapper file: 'file [D:\IntelliJ IDEA 2018.2.2\Projects\SignupOnline\target\classes\mapper\WeChatMapper.xml]'
2021-03-21 13:12:41.976 [https-jsse-nio-443-exec-4] DEBUG org.mybatis.spring.SqlSessionUtils - Creating a new SqlSession
2021-03-21 13:12:42.009 [https-jsse-nio-443-exec-4] DEBUG org.mybatis.spring.SqlSessionUtils - SqlSession [org.apache.ibatis.session.defaults.DefaultSqlSession@123fa29d] was not registered for synchronization because synchronization is not active
2021-03-21 13:12:42.067 [https-jsse-nio-443-exec-4] DEBUG o.m.spring.transaction.SpringManagedTransaction - JDBC Connection [HikariProxyConnection@508689824 wrapping com.mysql.cj.jdbc.ConnectionImpl@2d21a62c] will not be managed by Spring
2021-03-21 13:12:42.149 [https-jsse-nio-443-exec-4] DEBUG org.mybatis.spring.SqlSessionUtils - Closing non transactional SqlSession [org.apache.ibatis.session.defaults.DefaultSqlSession@123fa29d]
2021-03-21 13:17:01.746 [restartedMain] DEBUG org.mybatis.spring.mapper.ClassPathMapperScanner - Identified candidate component class: file [D:\IntelliJ IDEA 2018.2.2\Projects\SignupOnline\target\classes\com\example\signuponline\mapper\CommonMapper.class]
2021-03-21 13:17:01.746 [restartedMain] DEBUG org.mybatis.spring.mapper.ClassPathMapperScanner - Identified candidate component class: file [D:\IntelliJ IDEA 2018.2.2\Projects\SignupOnline\target\classes\com\example\signuponline\mapper\PublishMapper.class]
2021-03-21 13:17:01.746 [restartedMain] DEBUG org.mybatis.spring.mapper.ClassPathMapperScanner - Identified candidate component class: file [D:\IntelliJ IDEA 2018.2.2\Projects\SignupOnline\target\classes\com\example\signuponline\mapper\WeChatMapper.class]
2021-03-21 13:17:01.747 [restartedMain] DEBUG org.mybatis.spring.mapper.ClassPathMapperScanner - Creating MapperFactoryBean with name 'commonMapper' and 'com.example.signuponline.mapper.CommonMapper' mapperInterface
2021-03-21 13:17:01.747 [restartedMain] DEBUG org.mybatis.spring.mapper.ClassPathMapperScanner - Enabling autowire by type for MapperFactoryBean with name 'commonMapper'.
2021-03-21 13:17:01.747 [restartedMain] DEBUG org.mybatis.spring.mapper.ClassPathMapperScanner - Creating MapperFactoryBean with name 'publishMapper' and 'com.example.signuponline.mapper.PublishMapper' mapperInterface
2021-03-21 13:17:01.747 [restartedMain] DEBUG org.mybatis.spring.mapper.ClassPathMapperScanner - Enabling autowire by type for MapperFactoryBean with name 'publishMapper'.
2021-03-21 13:17:01.747 [restartedMain] DEBUG org.mybatis.spring.mapper.ClassPathMapperScanner - Creating MapperFactoryBean with name 'weChatMapper' and 'com.example.signuponline.mapper.WeChatMapper' mapperInterface
2021-03-21 13:17:01.748 [restartedMain] DEBUG org.mybatis.spring.mapper.ClassPathMapperScanner - Enabling autowire by type for MapperFactoryBean with name 'weChatMapper'.
2021-03-21 13:17:04.827 [restartedMain] DEBUG org.mybatis.spring.SqlSessionFactoryBean - Parsed mapper file: 'file [D:\IntelliJ IDEA 2018.2.2\Projects\SignupOnline\target\classes\mapper\CommonMapper.xml]'
2021-03-21 13:17:04.843 [restartedMain] DEBUG org.mybatis.spring.SqlSessionFactoryBean - Parsed mapper file: 'file [D:\IntelliJ IDEA 2018.2.2\Projects\SignupOnline\target\classes\mapper\PublishMapper.xml]'
2021-03-21 13:17:04.854 [restartedMain] DEBUG org.mybatis.spring.SqlSessionFactoryBean - Parsed mapper file: 'file [D:\IntelliJ IDEA 2018.2.2\Projects\SignupOnline\target\classes\mapper\WeChatMapper.xml]'
2021-03-21 13:17:11.515 [https-jsse-nio-443-exec-4] DEBUG org.mybatis.spring.SqlSessionUtils - Creating a new SqlSession
2021-03-21 13:17:11.527 [https-jsse-nio-443-exec-4] DEBUG org.mybatis.spring.SqlSessionUtils - SqlSession [org.apache.ibatis.session.defaults.DefaultSqlSession@30612588] was not registered for synchronization because synchronization is not active
2021-03-21 13:17:11.542 [https-jsse-nio-443-exec-4] DEBUG o.m.spring.transaction.SpringManagedTransaction - JDBC Connection [HikariProxyConnection@591300827 wrapping com.mysql.cj.jdbc.ConnectionImpl@7123e28a] will not be managed by Spring
2021-03-21 13:17:11.641 [https-jsse-nio-443-exec-4] DEBUG org.mybatis.spring.SqlSessionUtils - Closing non transactional SqlSession [org.apache.ibatis.session.defaults.DefaultSqlSession@30612588]
2021-03-21 13:22:52.419 [https-jsse-nio-443-exec-5] DEBUG org.mybatis.spring.SqlSessionUtils - Creating a new SqlSession
2021-03-21 13:22:52.419 [https-jsse-nio-443-exec-5] DEBUG org.mybatis.spring.SqlSessionUtils - SqlSession [org.apache.ibatis.session.defaults.DefaultSqlSession@2eaafa0a] was not registered for synchronization because synchronization is not active
2021-03-21 13:22:52.420 [https-jsse-nio-443-exec-5] DEBUG o.m.spring.transaction.SpringManagedTransaction - JDBC Connection [HikariProxyConnection@714439431 wrapping com.mysql.cj.jdbc.ConnectionImpl@7123e28a] will not be managed by Spring
2021-03-21 13:22:52.425 [https-jsse-nio-443-exec-5] DEBUG org.mybatis.spring.SqlSessionUtils - Closing non transactional SqlSession [org.apache.ibatis.session.defaults.DefaultSqlSession@2eaafa0a]
2021-03-21 13:25:52.709 [https-jsse-nio-443-exec-10] DEBUG org.mybatis.spring.SqlSessionUtils - Creating a new SqlSession
2021-03-21 13:25:52.709 [https-jsse-nio-443-exec-10] DEBUG org.mybatis.spring.SqlSessionUtils - SqlSession [org.apache.ibatis.session.defaults.DefaultSqlSession@552dd061] was not registered for synchronization because synchronization is not active
2021-03-21 13:25:52.710 [https-jsse-nio-443-exec-10] DEBUG o.m.spring.transaction.SpringManagedTransaction - JDBC Connection [HikariProxyConnection@966156815 wrapping com.mysql.cj.jdbc.ConnectionImpl@7123e28a] will not be managed by Spring
2021-03-21 13:25:52.717 [https-jsse-nio-443-exec-10] DEBUG org.mybatis.spring.SqlSessionUtils - Closing non transactional SqlSession [org.apache.ibatis.session.defaults.DefaultSqlSession@552dd061]
2021-03-21 13:26:19.826 [https-jsse-nio-443-exec-5] DEBUG org.mybatis.spring.SqlSessionUtils - Creating a new SqlSession
2021-03-21 13:26:19.826 [https-jsse-nio-443-exec-5] DEBUG org.mybatis.spring.SqlSessionUtils - SqlSession [org.apache.ibatis.session.defaults.DefaultSqlSession@59c9f1b4] was not registered for synchronization because synchronization is not active
2021-03-21 13:26:19.827 [https-jsse-nio-443-exec-5] DEBUG o.m.spring.transaction.SpringManagedTransaction - JDBC Connection [HikariProxyConnection@1929587893 wrapping com.mysql.cj.jdbc.ConnectionImpl@7123e28a] will not be managed by Spring
2021-03-21 13:26:19.832 [https-jsse-nio-443-exec-5] DEBUG org.mybatis.spring.SqlSessionUtils - Closing non transactional SqlSession [org.apache.ibatis.session.defaults.DefaultSqlSession@59c9f1b4]
2021-03-21 13:26:19.832 [https-jsse-nio-443-exec-5] DEBUG org.mybatis.spring.SqlSessionUtils - Creating a new SqlSession
2021-03-21 13:26:19.833 [https-jsse-nio-443-exec-5] DEBUG org.mybatis.spring.SqlSessionUtils - SqlSession [org.apache.ibatis.session.defaults.DefaultSqlSession@73342022] was not registered for synchronization because synchronization is not active
2021-03-21 13:26:19.833 [https-jsse-nio-443-exec-5] DEBUG o.m.spring.transaction.SpringManagedTransaction - JDBC Connection [HikariProxyConnection@2091111909 wrapping com.mysql.cj.jdbc.ConnectionImpl@7123e28a] will not be managed by Spring
2021-03-21 13:26:19.835 [https-jsse-nio-443-exec-5] DEBUG org.mybatis.spring.SqlSessionUtils - Closing non transactional SqlSession [org.apache.ibatis.session.defaults.DefaultSqlSession@73342022]
2021-03-21 13:26:21.041 [https-jsse-nio-443-exec-9] DEBUG org.mybatis.spring.SqlSessionUtils - Creating a new SqlSession
2021-03-21 13:26:21.042 [https-jsse-nio-443-exec-9] DEBUG org.mybatis.spring.SqlSessionUtils - SqlSession [org.apache.ibatis.session.defaults.DefaultSqlSession@56b76704] was not registered for synchronization because synchronization is not active
2021-03-21 13:26:21.048 [https-jsse-nio-443-exec-9] DEBUG o.m.spring.transaction.SpringManagedTransaction - JDBC Connection [HikariProxyConnection@771855348 wrapping com.mysql.cj.jdbc.ConnectionImpl@7123e28a] will not be managed by Spring
2021-03-21 13:26:21.059 [https-jsse-nio-443-exec-9] DEBUG org.mybatis.spring.SqlSessionUtils - Closing non transactional SqlSession [org.apache.ibatis.session.defaults.DefaultSqlSession@56b76704]
2021-03-21 13:26:21.059 [https-jsse-nio-443-exec-9] DEBUG org.mybatis.spring.SqlSessionUtils - Creating a new SqlSession
2021-03-21 13:26:21.060 [https-jsse-nio-443-exec-9] DEBUG org.mybatis.spring.SqlSessionUtils - SqlSession [org.apache.ibatis.session.defaults.DefaultSqlSession@1712ebef] was not registered for synchronization because synchronization is not active
2021-03-21 13:26:21.060 [https-jsse-nio-443-exec-9] DEBUG o.m.spring.transaction.SpringManagedTransaction - JDBC Connection [HikariProxyConnection@2100067085 wrapping com.mysql.cj.jdbc.ConnectionImpl@7123e28a] will not be managed by Spring
2021-03-21 13:26:21.064 [https-jsse-nio-443-exec-9] DEBUG org.mybatis.spring.SqlSessionUtils - Closing non transactional SqlSession [org.apache.ibatis.session.defaults.DefaultSqlSession@1712ebef]
2021-03-21 13:29:12.546 [restartedMain] DEBUG org.mybatis.spring.mapper.ClassPathMapperScanner - Identified candidate component class: file [D:\IntelliJ IDEA 2018.2.2\Projects\SignupOnline\target\classes\com\example\signuponline\mapper\CommonMapper.class]
2021-03-21 13:29:12.546 [restartedMain] DEBUG org.mybatis.spring.mapper.ClassPathMapperScanner - Identified candidate component class: file [D:\IntelliJ IDEA 2018.2.2\Projects\SignupOnline\target\classes\com\example\signuponline\mapper\PublishMapper.class]
2021-03-21 13:29:12.546 [restartedMain] DEBUG org.mybatis.spring.mapper.ClassPathMapperScanner - Identified candidate component class: file [D:\IntelliJ IDEA 2018.2.2\Projects\SignupOnline\target\classes\com\example\signuponline\mapper\WeChatMapper.class]
2021-03-21 13:29:12.547 [restartedMain] DEBUG org.mybatis.spring.mapper.ClassPathMapperScanner - Creating MapperFactoryBean with name 'commonMapper' and 'com.example.signuponline.mapper.CommonMapper' mapperInterface
2021-03-21 13:29:12.547 [restartedMain] DEBUG org.mybatis.spring.mapper.ClassPathMapperScanner - Enabling autowire by type for MapperFactoryBean with name 'commonMapper'.
2021-03-21 13:29:12.547 [restartedMain] DEBUG org.mybatis.spring.mapper.ClassPathMapperScanner - Creating MapperFactoryBean with name 'publishMapper' and 'com.example.signuponline.mapper.PublishMapper' mapperInterface
2021-03-21 13:29:12.547 [restartedMain] DEBUG org.mybatis.spring.mapper.ClassPathMapperScanner - Enabling autowire by type for MapperFactoryBean with name 'publishMapper'.
2021-03-21 13:29:12.547 [restartedMain] DEBUG org.mybatis.spring.mapper.ClassPathMapperScanner - Creating MapperFactoryBean with name 'weChatMapper' and 'com.example.signuponline.mapper.WeChatMapper' mapperInterface
2021-03-21 13:29:12.547 [restartedMain] DEBUG org.mybatis.spring.mapper.ClassPathMapperScanner - Enabling autowire by type for MapperFactoryBean with name 'weChatMapper'.
2021-03-21 13:29:16.907 [restartedMain] DEBUG org.mybatis.spring.SqlSessionFactoryBean - Parsed mapper file: 'file [D:\IntelliJ IDEA 2018.2.2\Projects\SignupOnline\target\classes\mapper\CommonMapper.xml]'
2021-03-21 13:29:16.922 [restartedMain] DEBUG org.mybatis.spring.SqlSessionFactoryBean - Parsed mapper file: 'file [D:\IntelliJ IDEA 2018.2.2\Projects\SignupOnline\target\classes\mapper\PublishMapper.xml]'
2021-03-21 13:29:16.933 [restartedMain] DEBUG org.mybatis.spring.SqlSessionFactoryBean - Parsed mapper file: 'file [D:\IntelliJ IDEA 2018.2.2\Projects\SignupOnline\target\classes\mapper\WeChatMapper.xml]'
2021-03-21 13:29:23.023 [https-jsse-nio-443-exec-4] DEBUG org.mybatis.spring.SqlSessionUtils - Creating a new SqlSession
2021-03-21 13:29:23.041 [https-jsse-nio-443-exec-4] DEBUG org.mybatis.spring.SqlSessionUtils - SqlSession [org.apache.ibatis.session.defaults.DefaultSqlSession@61c7dac7] was not registered for synchronization because synchronization is not active
2021-03-21 13:29:23.074 [https-jsse-nio-443-exec-4] DEBUG o.m.spring.transaction.SpringManagedTransaction - JDBC Connection [HikariProxyConnection@826799246 wrapping com.mysql.cj.jdbc.ConnectionImpl@124923eb] will not be managed by Spring
2021-03-21 13:29:23.106 [https-jsse-nio-443-exec-4] DEBUG org.mybatis.spring.SqlSessionUtils - Closing non transactional SqlSession [org.apache.ibatis.session.defaults.DefaultSqlSession@61c7dac7]
2021-03-21 13:30:39.312 [https-jsse-nio-443-exec-10] DEBUG org.mybatis.spring.SqlSessionUtils - Creating a new SqlSession
2021-03-21 13:30:39.313 [https-jsse-nio-443-exec-10] DEBUG org.mybatis.spring.SqlSessionUtils - SqlSession [org.apache.ibatis.session.defaults.DefaultSqlSession@6f45315d] was not registered for synchronization because synchronization is not active
2021-03-21 13:30:39.314 [https-jsse-nio-443-exec-10] DEBUG o.m.spring.transaction.SpringManagedTransaction - JDBC Connection [HikariProxyConnection@1635959493 wrapping com.mysql.cj.jdbc.ConnectionImpl@124923eb] will not be managed by Spring
2021-03-21 13:30:39.323 [https-jsse-nio-443-exec-10] DEBUG org.mybatis.spring.SqlSessionUtils - Closing non transactional SqlSession [org.apache.ibatis.session.defaults.DefaultSqlSession@6f45315d]
2021-03-21 13:30:43.185 [https-jsse-nio-443-exec-6] DEBUG org.mybatis.spring.SqlSessionUtils - Creating a new SqlSession
2021-03-21 13:30:43.185 [https-jsse-nio-443-exec-6] DEBUG org.mybatis.spring.SqlSessionUtils - SqlSession [org.apache.ibatis.session.defaults.DefaultSqlSession@43d08f4] was not registered for synchronization because synchronization is not active
2021-03-21 13:30:43.190 [https-jsse-nio-443-exec-6] DEBUG o.m.spring.transaction.SpringManagedTransaction - JDBC Connection [HikariProxyConnection@1893123690 wrapping com.mysql.cj.jdbc.ConnectionImpl@124923eb] will not be managed by Spring
2021-03-21 13:30:43.195 [https-jsse-nio-443-exec-6] DEBUG org.mybatis.spring.SqlSessionUtils - Closing non transactional SqlSession [org.apache.ibatis.session.defaults.DefaultSqlSession@43d08f4]
